<?xml version="1.0" encoding="UTF-8"?>
<!-- Generated by org.testng.reporters.JUnitReportReporter -->
<testsuite name="com.qmetry.qaf.automation.step.client.Scenario" tests="1" time="146.958" ignored="0" failures="0" timestamp="25 Apr 2018 12:34:55 GMT" skipped="0" hostname="ICPL12782" errors="0">
  <testcase name="SampleTest" time="146.958" classname="com.qmetry.qaf.automation.step.client.Scenario"/>
</testsuite> <!-- com.qmetry.qaf.automation.step.client.Scenario -->
